<?xml version="1.0" encoding="UTF-8"?>
<testng-results ignored="0" total="1" passed="1" failed="0" skipped="0">
  <reporter-output>
  </reporter-output>
  <suite started-at="2021-05-26T10:59:31 IST" name="Default suite" finished-at="2021-05-26T10:59:40 IST" duration-ms="9475">
    <groups>
    </groups>
    <test started-at="2021-05-26T10:59:31 IST" name="Default test" finished-at="2021-05-26T10:59:40 IST" duration-ms="9475">
      <class name="testCases.RegisterPageTest">
        <test-method signature="valiadateRegisterPage()[pri:0, instance:testCases.RegisterPageTest@2fd6b6c7]" started-at="2021-05-26T10:59:31 IST" name="valiadateRegisterPage" finished-at="2021-05-26T10:59:40 IST" duration-ms="9361" status="PASS">
          <reporter-output>
          </reporter-output>
        </test-method> <!-- valiadateRegisterPage -->
      </class> <!-- testCases.RegisterPageTest -->
    </test> <!-- Default test -->
  </suite> <!-- Default suite -->
</testng-results>
