<?xml version="1.0" encoding="UTF-8"?>
<!-- Generated by org.testng.reporters.JUnitXMLReporter -->
<testsuite ignored="0" hostname="DESKTOP-OOAJ2R4" failures="0" tests="3" name="Default test" time="41.907" errors="0" timestamp="2021-06-18T08:47:22 IST">
  <testcase classname="com.vcentry.product.testcases.ProductPageTest" name="validateProductPage" time="17.055"/>
  <testcase classname="com.vcentry.product.testcases.ProductPageTest" name="validateProductPage" time="11.961"/>
  <testcase classname="com.vcentry.product.testcases.ProductPageTest" name="validateProductPage" time="12.692"/>
</testsuite> <!-- Default test -->
