<?xml version="1.0" encoding="UTF-8"?>
<!-- Generated by org.testng.reporters.JUnitXMLReporter -->
<testsuite ignored="0" hostname="DESKTOP-OOAJ2R4" failures="0" tests="4" name="Default test" time="70.581" errors="0" timestamp="2021-06-20T18:11:18 IST">
  <testcase classname="com.vcentry.product.testcases.ProductPageTest" name="validateProductPage" time="18.201"/>
  <testcase classname="com.vcentry.product.testcases.ProductPageTest" name="validateProductPage" time="14.743"/>
  <testcase classname="com.vcentry.product.testcases.ProductPageTest" name="validateProductPage" time="14.84"/>
  <testcase classname="com.vcentry.product.testcases.ProductPageTest" name="validateProductPage" time="15.642"/>
</testsuite> <!-- Default test -->
