<?xml version="1.0" encoding="UTF-8"?>
<testng-results ignored="0" total="3" passed="3" failed="0" skipped="0">
  <reporter-output>
  </reporter-output>
  <suite started-at="2021-05-18T11:02:36 IST" name="Default suite" finished-at="2021-05-18T11:02:36 IST" duration-ms="155">
    <groups>
    </groups>
    <test started-at="2021-05-18T11:02:36 IST" name="Default test" finished-at="2021-05-18T11:02:36 IST" duration-ms="155">
      <class name="parameterizationTest.A22_SingleTestSingleDataProviderTest">
        <test-method signature="loginTest(java.lang.String, java.lang.String, java.lang.String, java.lang.String)[pri:0, instance:parameterizationTest.A22_SingleTestSingleDataProviderTest@1fe20588]" started-at="2021-05-18T11:02:36 IST" name="loginTest" data-provider="testdata" finished-at="2021-05-18T11:02:36 IST" duration-ms="18" status="PASS">
          <params>
            <param index="0">
              <value>
                <![CDATA[chrome]]>
              </value>
            </param>
            <param index="1">
              <value>
                <![CDATA[test url1]]>
              </value>
            </param>
            <param index="2">
              <value>
                <![CDATA[username_a]]>
              </value>
            </param>
            <param index="3">
              <value>
                <![CDATA[password123]]>
              </value>
            </param>
          </params>
          <reporter-output>
          </reporter-output>
        </test-method> <!-- loginTest -->
        <test-method signature="loginTest(java.lang.String, java.lang.String, java.lang.String, java.lang.String)[pri:0, instance:parameterizationTest.A22_SingleTestSingleDataProviderTest@1fe20588]" started-at="2021-05-18T11:02:36 IST" name="loginTest" data-provider="testdata" finished-at="2021-05-18T11:02:36 IST" duration-ms="9" status="PASS">
          <params>
            <param index="0">
              <value>
                <![CDATA[firfox]]>
              </value>
            </param>
            <param index="1">
              <value>
                <![CDATA[test url2]]>
              </value>
            </param>
            <param index="2">
              <value>
                <![CDATA[username_b]]>
              </value>
            </param>
            <param index="3">
              <value>
                <![CDATA[password222]]>
              </value>
            </param>
          </params>
          <reporter-output>
          </reporter-output>
        </test-method> <!-- loginTest -->
        <test-method signature="loginTest(java.lang.String, java.lang.String, java.lang.String, java.lang.String)[pri:0, instance:parameterizationTest.A22_SingleTestSingleDataProviderTest@1fe20588]" started-at="2021-05-18T11:02:36 IST" name="loginTest" data-provider="testdata" finished-at="2021-05-18T11:02:36 IST" duration-ms="8" status="PASS">
          <params>
            <param index="0">
              <value>
                <![CDATA[IE]]>
              </value>
            </param>
            <param index="1">
              <value>
                <![CDATA[test url3]]>
              </value>
            </param>
            <param index="2">
              <value>
                <![CDATA[username_c]]>
              </value>
            </param>
            <param index="3">
              <value>
                <![CDATA[password333]]>
              </value>
            </param>
          </params>
          <reporter-output>
          </reporter-output>
        </test-method> <!-- loginTest -->
      </class> <!-- parameterizationTest.A22_SingleTestSingleDataProviderTest -->
    </test> <!-- Default test -->
  </suite> <!-- Default suite -->
</testng-results>
