<?xml version="1.0" encoding="UTF-8"?>
<!-- Generated by org.testng.reporters.JUnitXMLReporter -->
<testsuite ignored="0" hostname="DESKTOP-OOAJ2R4" failures="1" tests="4" name="DependsOnTest" time="0.464" errors="0" timestamp="2021-05-14T10:53:52 IST">
  <testcase classname="keyWords.A7_DependsOnTest" name="loginTest" time="0.126"/>
  <testcase classname="keyWords.A7_DependsOnTest" name="search" time="0.009">
    <failure type="java.lang.ArithmeticException" message="/ by zero">
      <![CDATA[java.lang.ArithmeticException: / by zero
at keyWords.A7_DependsOnTest.search(A7_DependsOnTest.java:14)
at java.base/java.util.ArrayList.forEach(ArrayList.java:1511)
... Removed 27 stack frames]]>
    </failure>
  </testcase> <!-- search -->
  <testcase classname="keyWords.A7_DependsOnTest" name="booking" time="0.0">
    <skipped/>
  </testcase> <!-- booking -->
  <testcase classname="keyWords.A7_DependsOnTest" name="cancel" time="0.0">
    <skipped/>
  </testcase> <!-- cancel -->
</testsuite> <!-- DependsOnTest -->
