<?xml version="1.0" encoding="UTF-8"?>
<!-- Generated by org.testng.reporters.JUnitXMLReporter -->
<testsuite ignored="0" hostname="DESKTOP-OOAJ2R4" failures="0" tests="4" name="DescriptionTest" time="0.121" errors="0" timestamp="2021-05-14T10:53:53 IST">
  <testcase classname="keyWords.A6_DescriptionTest" name="add" time="0.003"/>
  <testcase classname="keyWords.A6_DescriptionTest" name="sub" time="0.007"/>
  <testcase classname="keyWords.A6_DescriptionTest" name="mul" time="0.02"/>
  <testcase classname="keyWords.A6_DescriptionTest" name="div" time="0.02"/>
</testsuite> <!-- DescriptionTest -->
