<?xml version="1.0" encoding="UTF-8"?>
<!-- Generated by org.testng.reporters.JUnitXMLReporter -->
<testsuite ignored="1" hostname="DESKTOP-OOAJ2R4" failures="0" tests="3" name="Execute Book Test" time="0.068" errors="0" timestamp="2021-05-17T10:45:05 IST">
  <testcase classname="groupTest.GroupTest" name="loginTest" time="0.006"/>
  <testcase classname="groupTest.GroupTest" name="searchTest" time="0.012"/>
  <testcase classname="groupTest.GroupTest" name="bookingTest" time="0.006"/>
  <testcase classname="groupTest.GroupTest" name="cancelTest" time="0.0">
    <ignored/>
  </testcase> <!-- cancelTest -->
</testsuite> <!-- Execute Book Test -->
