<?xml version="1.0" encoding="UTF-8"?>
<!-- Generated by org.testng.reporters.JUnitXMLReporter -->
<testsuite ignored="1" hostname="DESKTOP-OOAJ2R4" failures="0" tests="3" name="Execute Cancel Test" time="0.049" errors="0" timestamp="2021-05-17T10:45:05 IST">
  <testcase classname="groupTest.GroupTest" name="loginTest" time="0.004"/>
  <testcase classname="groupTest.GroupTest" name="bookingTest" time="0.007"/>
  <testcase classname="groupTest.GroupTest" name="cancelTest" time="0.003"/>
  <testcase classname="groupTest.GroupTest" name="searchTest" time="0.0">
    <ignored/>
  </testcase> <!-- searchTest -->
</testsuite> <!-- Execute Cancel Test -->
