<?xml version="1.0" encoding="UTF-8"?>
<!-- Generated by org.testng.reporters.JUnitXMLReporter -->
<testsuite ignored="1" hostname="DESKTOP-OOAJ2R4" failures="0" tests="3" name="Execute Book Test" time="0.036" errors="0" timestamp="2021-05-25T16:50:36 IST">
  <testcase classname="groupTest.GroupTest" name="loginTest" time="0.003"/>
  <testcase classname="groupTest.GroupTest" name="searchTest" time="0.009"/>
  <testcase classname="groupTest.GroupTest" name="bookingTest" time="0.004"/>
  <testcase classname="groupTest.GroupTest" name="cancelTest" time="0.0">
    <ignored/>
  </testcase> <!-- cancelTest -->
</testsuite> <!-- Execute Book Test -->
