<?xml version="1.0" encoding="UTF-8"?>
<!-- Generated by org.testng.reporters.JUnitXMLReporter -->
<testsuite ignored="3" hostname="DESKTOP-OOAJ2R4" failures="0" tests="1" name="Execute Login Test" time="0.704" errors="0" timestamp="2021-05-25T16:50:35 IST">
  <testcase classname="groupTest.GroupTest" name="loginTest" time="0.095"/>
  <testcase classname="groupTest.GroupTest" name="searchTest" time="0.0">
    <ignored/>
  </testcase> <!-- searchTest -->
  <testcase classname="groupTest.GroupTest" name="cancelTest" time="0.0">
    <ignored/>
  </testcase> <!-- cancelTest -->
  <testcase classname="groupTest.GroupTest" name="bookingTest" time="0.0">
    <ignored/>
  </testcase> <!-- bookingTest -->
</testsuite> <!-- Execute Login Test -->
