<?xml version="1.0" encoding="UTF-8"?>
<!-- Generated by org.testng.reporters.JUnitXMLReporter -->
<testsuite ignored="0" hostname="DESKTOP-OOAJ2R4" failures="0" tests="13" name="InvocationCountTest" time="1.745" errors="0" timestamp="2021-05-14T10:53:55 IST">
  <testcase classname="keyWords.A8_InvocationCountTest" name="login" time="0.004"/>
  <testcase classname="keyWords.A8_InvocationCountTest" name="login" time="0.004"/>
  <testcase classname="keyWords.A8_InvocationCountTest" name="login" time="0.038"/>
  <testcase classname="keyWords.A8_InvocationCountTest" name="login" time="0.007"/>
  <testcase classname="keyWords.A8_InvocationCountTest" name="login" time="0.002"/>
  <testcase classname="keyWords.A8_InvocationCountTest" name="login" time="0.004"/>
  <testcase classname="keyWords.A8_InvocationCountTest" name="login" time="0.018"/>
  <testcase classname="keyWords.A8_InvocationCountTest" name="login" time="0.238"/>
  <testcase classname="keyWords.A8_InvocationCountTest" name="login" time="0.019"/>
  <testcase classname="keyWords.A8_InvocationCountTest" name="login" time="0.015"/>
  <testcase classname="keyWords.A8_InvocationCountTest" name="search" time="0.362"/>
  <testcase classname="keyWords.A8_InvocationCountTest" name="booking" time="0.181"/>
  <testcase classname="keyWords.A8_InvocationCountTest" name="cancel" time="0.056"/>
</testsuite> <!-- InvocationCountTest -->
