<?xml version="1.0" encoding="UTF-8"?>
<!-- Generated by org.testng.reporters.JUnitXMLReporter -->
<testsuite ignored="1" hostname="DESKTOP-OOAJ2R4" failures="0" tests="3" name="Test" time="0.172" errors="0" timestamp="2021-05-25T17:10:09 IST">
  <testcase classname="groupTest.sample" name="loginTest" time="0.033"/>
  <testcase classname="groupTest.sample" name="bookingTest" time="0.006"/>
  <testcase classname="groupTest.sample" name="cancelTest" time="0.003"/>
  <testcase classname="groupTest.sample" name="searchTest" time="0.0">
    <ignored/>
  </testcase> <!-- searchTest -->
</testsuite> <!-- Test -->
