<?xml version="1.0" encoding="UTF-8"?>
<!-- Generated by org.testng.reporters.JUnitXMLReporter -->
<testsuite ignored="0" hostname="DESKTOP-OOAJ2R4" failures="2" tests="25" name="Test" time="6.418" errors="0" timestamp="2021-05-14T10:39:00 IST">
  <testcase classname="keyWords.A7_DependsOnTest" name="loginTest" time="0.042"/>
  <testcase classname="keyWords.A7_DependsOnTest" name="search" time="0.003">
    <failure type="java.lang.ArithmeticException" message="/ by zero">
      <![CDATA[java.lang.ArithmeticException: / by zero
at keyWords.A7_DependsOnTest.search(A7_DependsOnTest.java:14)
at java.base/java.util.ArrayList.forEach(ArrayList.java:1511)
... Removed 27 stack frames]]>
    </failure>
  </testcase> <!-- search -->
  <testcase classname="keyWords.A7_DependsOnTest" name="booking" time="0.0">
    <skipped/>
  </testcase> <!-- booking -->
  <testcase classname="keyWords.A7_DependsOnTest" name="cancel" time="0.0">
    <skipped/>
  </testcase> <!-- cancel -->
  <testcase classname="keyWords.A6_DescriptionTest" name="add" time="0.01"/>
  <testcase classname="keyWords.A6_DescriptionTest" name="sub" time="0.006"/>
  <testcase classname="keyWords.A6_DescriptionTest" name="mul" time="0.003"/>
  <testcase classname="keyWords.A6_DescriptionTest" name="div" time="0.012"/>
  <testcase classname="keyWords.A8_InvocationCountTest" name="login" time="0.002"/>
  <testcase classname="keyWords.A8_InvocationCountTest" name="login" time="0.009"/>
  <testcase classname="keyWords.A8_InvocationCountTest" name="login" time="0.007"/>
  <testcase classname="keyWords.A8_InvocationCountTest" name="login" time="0.007"/>
  <testcase classname="keyWords.A8_InvocationCountTest" name="login" time="0.005"/>
  <testcase classname="keyWords.A8_InvocationCountTest" name="login" time="0.017"/>
  <testcase classname="keyWords.A8_InvocationCountTest" name="login" time="0.009"/>
  <testcase classname="keyWords.A8_InvocationCountTest" name="login" time="0.009"/>
  <testcase classname="keyWords.A8_InvocationCountTest" name="login" time="0.009"/>
  <testcase classname="keyWords.A8_InvocationCountTest" name="login" time="0.013"/>
  <testcase classname="keyWords.A8_InvocationCountTest" name="search" time="0.009"/>
  <testcase classname="keyWords.A8_InvocationCountTest" name="booking" time="0.003"/>
  <testcase classname="keyWords.A8_InvocationCountTest" name="cancel" time="0.004"/>
  <testcase classname="keyWords.A9_InvocationTimeOutTest" name="login" time="5.078">
    <failure type="org.testng.internal.thread.ThreadTimeoutException" message="Method keyWords.A9_InvocationTimeOutTest.login() didn&amp;apos;t finish within the time-out 5000">
      <![CDATA[org.testng.internal.thread.ThreadTimeoutException: Method keyWords.A9_InvocationTimeOutTest.login() didn't finish within the time-out 5000
at java.base/java.util.ArrayList.forEach(ArrayList.java:1511)
... Removed 24 stack frames]]>
    </failure>
  </testcase> <!-- login -->
  <testcase classname="keyWords.A9_InvocationTimeOutTest" name="search" time="0.029"/>
  <testcase classname="keyWords.A9_InvocationTimeOutTest" name="booking" time="0.003"/>
  <testcase classname="keyWords.A9_InvocationTimeOutTest" name="cancel" time="0.003"/>
</testsuite> <!-- Test -->
