<?xml version="1.0" encoding="UTF-8"?>
<!-- Generated by org.testng.reporters.JUnitXMLReporter -->
<testsuite ignored="0" hostname="DESKTOP-OOAJ2R4" failures="0" tests="3" name="Default test" time="77.815" errors="0" timestamp="2021-05-26T10:00:43 IST">
  <testcase classname="testCases.ValidatePurchasePageTest" name="validatePurchasePage" time="30.824"/>
  <testcase classname="testCases.ValidatePurchasePageTest" name="validatePurchasePage" time="23.51"/>
  <testcase classname="testCases.ValidatePurchasePageTest" name="validatePurchasePage" time="23.035"/>
</testsuite> <!-- Default test -->
