<?xml version="1.0" encoding="UTF-8"?>
<testng-results ignored="0" total="3" passed="3" failed="0" skipped="0">
  <reporter-output>
  </reporter-output>
  <suite started-at="2021-06-18T08:46:40 IST" name="Default suite" finished-at="2021-06-18T08:47:22 IST" duration-ms="41907">
    <groups>
    </groups>
    <test started-at="2021-06-18T08:46:40 IST" name="Default test" finished-at="2021-06-18T08:47:22 IST" duration-ms="41907">
      <class name="com.vcentry.product.testcases.ProductPageTest">
        <test-method signature="validateProductPage(java.lang.String, java.lang.String, java.lang.String, java.lang.String, java.lang.String, java.lang.String, java.lang.String, java.lang.String)[pri:0, instance:com.vcentry.product.testcases.ProductPageTest@75329a49]" started-at="2021-06-18T08:46:40 IST" name="validateProductPage" data-provider="ProductPageTest" finished-at="2021-06-18T08:46:58 IST" duration-ms="17055" status="PASS">
          <params>
            <param index="0">
              <value>
                <![CDATA[venkat]]>
              </value>
            </param>
            <param index="1">
              <value>
                <![CDATA[Vcentry@2021]]>
              </value>
            </param>
            <param index="2">
              <value>
                <![CDATA[product a]]>
              </value>
            </param>
            <param index="3">
              <value>
                <![CDATA[111111111]]>
              </value>
            </param>
            <param index="4">
              <value>
                <![CDATA[aaaaa@gmail.com]]>
              </value>
            </param>
            <param index="5">
              <value>
                <![CDATA[Electronics]]>
              </value>
            </param>
            <param index="6">
              <value>
                <![CDATA[10]]>
              </value>
            </param>
            <param index="7">
              <value>
                <![CDATA[purchaser a]]>
              </value>
            </param>
          </params>
          <reporter-output>
          </reporter-output>
        </test-method> <!-- validateProductPage -->
        <test-method signature="validateProductPage(java.lang.String, java.lang.String, java.lang.String, java.lang.String, java.lang.String, java.lang.String, java.lang.String, java.lang.String)[pri:0, instance:com.vcentry.product.testcases.ProductPageTest@75329a49]" started-at="2021-06-18T08:46:58 IST" name="validateProductPage" data-provider="ProductPageTest" finished-at="2021-06-18T08:47:10 IST" duration-ms="11961" status="PASS">
          <params>
            <param index="0">
              <value>
                <![CDATA[venkat]]>
              </value>
            </param>
            <param index="1">
              <value>
                <![CDATA[Vcentry@2021]]>
              </value>
            </param>
            <param index="2">
              <value>
                <![CDATA[product b]]>
              </value>
            </param>
            <param index="3">
              <value>
                <![CDATA[222222222]]>
              </value>
            </param>
            <param index="4">
              <value>
                <![CDATA[bbbbbb@gmail.com]]>
              </value>
            </param>
            <param index="5">
              <value>
                <![CDATA[Electronics]]>
              </value>
            </param>
            <param index="6">
              <value>
                <![CDATA[20]]>
              </value>
            </param>
            <param index="7">
              <value>
                <![CDATA[purchaser b]]>
              </value>
            </param>
          </params>
          <reporter-output>
          </reporter-output>
        </test-method> <!-- validateProductPage -->
        <test-method signature="validateProductPage(java.lang.String, java.lang.String, java.lang.String, java.lang.String, java.lang.String, java.lang.String, java.lang.String, java.lang.String)[pri:0, instance:com.vcentry.product.testcases.ProductPageTest@75329a49]" started-at="2021-06-18T08:47:10 IST" name="validateProductPage" data-provider="ProductPageTest" finished-at="2021-06-18T08:47:22 IST" duration-ms="12692" status="PASS">
          <params>
            <param index="0">
              <value>
                <![CDATA[venkat]]>
              </value>
            </param>
            <param index="1">
              <value>
                <![CDATA[Vcentry@2021]]>
              </value>
            </param>
            <param index="2">
              <value>
                <![CDATA[product c]]>
              </value>
            </param>
            <param index="3">
              <value>
                <![CDATA[33333333]]>
              </value>
            </param>
            <param index="4">
              <value>
                <![CDATA[cccccc@gmail.com]]>
              </value>
            </param>
            <param index="5">
              <value>
                <![CDATA[Electronics]]>
              </value>
            </param>
            <param index="6">
              <value>
                <![CDATA[30]]>
              </value>
            </param>
            <param index="7">
              <value>
                <![CDATA[purchaser c]]>
              </value>
            </param>
          </params>
          <reporter-output>
          </reporter-output>
        </test-method> <!-- validateProductPage -->
      </class> <!-- com.vcentry.product.testcases.ProductPageTest -->
    </test> <!-- Default test -->
  </suite> <!-- Default suite -->
</testng-results>
