<?xml version="1.0" encoding="UTF-8"?>
<testng-results ignored="0" total="1" passed="1" failed="0" skipped="0">
  <reporter-output>
  </reporter-output>
  <suite started-at="2021-06-15T22:21:12 IST" name="Default suite" finished-at="2021-06-15T22:21:29 IST" duration-ms="17195">
    <groups>
    </groups>
    <test started-at="2021-06-15T22:21:12 IST" name="Default test" finished-at="2021-06-15T22:21:29 IST" duration-ms="17195">
      <class name="com.vcentry.product.testcases.ProductPageTest">
        <test-method signature="validateProductPage()[pri:0, instance:com.vcentry.product.testcases.ProductPageTest@2bbf180e]" started-at="2021-06-15T22:21:12 IST" name="validateProductPage" finished-at="2021-06-15T22:21:29 IST" duration-ms="17005" status="PASS">
          <reporter-output>
          </reporter-output>
        </test-method> <!-- validateProductPage -->
      </class> <!-- com.vcentry.product.testcases.ProductPageTest -->
    </test> <!-- Default test -->
  </suite> <!-- Default suite -->
</testng-results>
