<?xml version="1.0" encoding="UTF-8"?>
<testng-results ignored="0" total="1" passed="1" failed="0" skipped="0">
  <reporter-output>
  </reporter-output>
  <suite started-at="2021-05-25T18:09:30 IST" name="Default suite" finished-at="2021-05-25T18:09:53 IST" duration-ms="23133">
    <groups>
    </groups>
    <test started-at="2021-05-25T18:09:30 IST" name="Default test" finished-at="2021-05-25T18:09:53 IST" duration-ms="23133">
      <class name="testCases.ProductPurchaseTest">
        <test-method signature="checkingProductDeatils()[pri:0, instance:testCases.ProductPurchaseTest@1d082e88]" started-at="2021-05-25T18:09:30 IST" name="checkingProductDeatils" finished-at="2021-05-25T18:09:53 IST" duration-ms="22936" status="PASS">
          <reporter-output>
          </reporter-output>
        </test-method> <!-- checkingProductDeatils -->
      </class> <!-- testCases.ProductPurchaseTest -->
    </test> <!-- Default test -->
  </suite> <!-- Default suite -->
</testng-results>
