<?xml version="1.0" encoding="UTF-8"?>
<testng-results ignored="0" total="3" passed="3" failed="0" skipped="0">
  <reporter-output>
  </reporter-output>
  <suite started-at="2021-05-26T09:59:25 IST" name="Default suite" finished-at="2021-05-26T10:00:43 IST" duration-ms="77815">
    <groups>
    </groups>
    <test started-at="2021-05-26T09:59:25 IST" name="Default test" finished-at="2021-05-26T10:00:43 IST" duration-ms="77815">
      <class name="testCases.ValidatePurchasePageTest">
        <test-method signature="validatePurchasePage(java.lang.String, java.lang.String, java.lang.String, java.lang.String, java.lang.String, java.lang.String, java.lang.String)[pri:0, instance:testCases.ValidatePurchasePageTest@3901d134]" started-at="2021-05-26T09:59:25 IST" name="validatePurchasePage" data-provider="productdata" finished-at="2021-05-26T09:59:56 IST" duration-ms="30824" status="PASS">
          <params>
            <param index="0">
              <value>
                <![CDATA[Your Total Purchase count:]]>
              </value>
            </param>
            <param index="1">
              <value>
                <![CDATA[product A]]>
              </value>
            </param>
            <param index="2">
              <value>
                <![CDATA[111111]]>
              </value>
            </param>
            <param index="3">
              <value>
                <![CDATA[maila@mail.com]]>
              </value>
            </param>
            <param index="4">
              <value>
                <![CDATA[Electronics]]>
              </value>
            </param>
            <param index="5">
              <value>
                <![CDATA[10]]>
              </value>
            </param>
            <param index="6">
              <value>
                <![CDATA[purchaser name A]]>
              </value>
            </param>
          </params>
          <reporter-output>
          </reporter-output>
        </test-method> <!-- validatePurchasePage -->
        <test-method signature="validatePurchasePage(java.lang.String, java.lang.String, java.lang.String, java.lang.String, java.lang.String, java.lang.String, java.lang.String)[pri:0, instance:testCases.ValidatePurchasePageTest@3901d134]" started-at="2021-05-26T09:59:56 IST" name="validatePurchasePage" data-provider="productdata" finished-at="2021-05-26T10:00:20 IST" duration-ms="23510" status="PASS">
          <params>
            <param index="0">
              <value>
                <![CDATA[Your Total Purchase count:]]>
              </value>
            </param>
            <param index="1">
              <value>
                <![CDATA[product B]]>
              </value>
            </param>
            <param index="2">
              <value>
                <![CDATA[222222]]>
              </value>
            </param>
            <param index="3">
              <value>
                <![CDATA[mailb@mail.com]]>
              </value>
            </param>
            <param index="4">
              <value>
                <![CDATA[Electronics]]>
              </value>
            </param>
            <param index="5">
              <value>
                <![CDATA[20]]>
              </value>
            </param>
            <param index="6">
              <value>
                <![CDATA[purchaser name B]]>
              </value>
            </param>
          </params>
          <reporter-output>
          </reporter-output>
        </test-method> <!-- validatePurchasePage -->
        <test-method signature="validatePurchasePage(java.lang.String, java.lang.String, java.lang.String, java.lang.String, java.lang.String, java.lang.String, java.lang.String)[pri:0, instance:testCases.ValidatePurchasePageTest@3901d134]" started-at="2021-05-26T10:00:20 IST" name="validatePurchasePage" data-provider="productdata" finished-at="2021-05-26T10:00:43 IST" duration-ms="23035" status="PASS">
          <params>
            <param index="0">
              <value>
                <![CDATA[Your Total Purchase count:]]>
              </value>
            </param>
            <param index="1">
              <value>
                <![CDATA[product C]]>
              </value>
            </param>
            <param index="2">
              <value>
                <![CDATA[333333]]>
              </value>
            </param>
            <param index="3">
              <value>
                <![CDATA[mailc@mail.com]]>
              </value>
            </param>
            <param index="4">
              <value>
                <![CDATA[Electronics]]>
              </value>
            </param>
            <param index="5">
              <value>
                <![CDATA[30]]>
              </value>
            </param>
            <param index="6">
              <value>
                <![CDATA[purchaser name C]]>
              </value>
            </param>
          </params>
          <reporter-output>
          </reporter-output>
        </test-method> <!-- validatePurchasePage -->
      </class> <!-- testCases.ValidatePurchasePageTest -->
    </test> <!-- Default test -->
  </suite> <!-- Default suite -->
</testng-results>
