<?xml version="1.0" encoding="UTF-8"?>
<!-- Generated by org.testng.reporters.JUnitXMLReporter -->
<testsuite ignored="1" hostname="DESKTOP-OOAJ2R4" failures="0" tests="3" name="Default test" time="0.138" errors="0" timestamp="2021-05-20T18:38:55 IST">
  <testcase classname="keyWords.A5_SkipTest" name="add" time="0.019"/>
  <testcase classname="keyWords.A5_SkipTest" name="sub" time="0.003"/>
  <testcase classname="keyWords.A5_SkipTest" name="div" time="0.003"/>
  <testcase classname="keyWords.A5_SkipTest" name="mul" time="0.0">
    <ignored/>
  </testcase> <!-- mul -->
</testsuite> <!-- Default test -->
