<?xml version="1.0" encoding="UTF-8"?>
<!-- Generated by org.testng.reporters.JUnitXMLReporter -->
<testsuite ignored="2" hostname="DESKTOP-OOAJ2R4" failures="0" tests="2" name="Default test" time="0.164" errors="0" timestamp="2021-05-25T16:58:19 IST">
  <testcase classname="groupTest.sample" name="searchTest" time="0.024"/>
  <testcase classname="groupTest.sample" name="bookingTest" time="0.007"/>
  <testcase classname="groupTest.sample" name="loginTest" time="0.0">
    <ignored/>
  </testcase> <!-- loginTest -->
  <testcase classname="groupTest.sample" name="cancelTest" time="0.0">
    <ignored/>
  </testcase> <!-- cancelTest -->
</testsuite> <!-- Default test -->
